{"target": -0.15955492154675788, "params": {"force2_end_time": 0.5488135039273248, "force2_peak_force": 0.7151893663724195, "force2_peak_time": 0.6027633760716439, "force2_start_time": 0.5448831829968969}, "datetime": {"datetime": "2024-11-19 15:24:12", "elapsed": 0.0, "delta": 0.0}}
{"target": -1.0, "params": {"force2_end_time": 0.4236547993389047, "force2_peak_force": 0.6458941130666561, "force2_peak_time": 0.4375872112626925, "force2_start_time": 0.8917730007820798}, "datetime": {"datetime": "2024-11-19 15:24:12", "elapsed": 0.000535, "delta": 0.000535}}
{"target": -0.43631438559679964, "params": {"force2_end_time": 0.9636627605010293, "force2_peak_force": 0.3834415188257777, "force2_peak_time": 0.7917250380826646, "force2_start_time": 0.5288949197529045}, "datetime": {"datetime": "2024-11-19 15:24:12", "elapsed": 0.020896, "delta": 0.020361}}
{"target": -1.0, "params": {"force2_end_time": 0.5680445610939323, "force2_peak_force": 0.925596638292661, "force2_peak_time": 0.07103605819788694, "force2_start_time": 0.08712929970154071}, "datetime": {"datetime": "2024-11-19 15:24:12", "elapsed": 0.02116, "delta": 0.000264}}
{"target": -1.0, "params": {"force2_end_time": 0.02021839744032572, "force2_peak_force": 0.832619845547938, "force2_peak_time": 0.7781567509498505, "force2_start_time": 0.8700121482468192}, "datetime": {"datetime": "2024-11-19 15:24:12", "elapsed": 0.021323, "delta": 0.000163}}
{"target": -1.0, "params": {"force2_end_time": 0.978618342232764, "force2_peak_force": 0.7991585642167236, "force2_peak_time": 0.46147936225293185, "force2_start_time": 0.7805291762864555}, "datetime": {"datetime": "2024-11-19 15:24:12", "elapsed": 0.021476, "delta": 0.000153}}
{"target": -1.0, "params": {"force2_end_time": 0.11827442586893322, "force2_peak_force": 0.6399210213275238, "force2_peak_time": 0.1433532874090464, "force2_start_time": 0.9446689170495839}, "datetime": {"datetime": "2024-11-19 15:24:12", "elapsed": 0.021626, "delta": 0.00015}}
{"target": -1.0, "params": {"force2_end_time": 0.5218483217500717, "force2_peak_force": 0.4146619399905236, "force2_peak_time": 0.26455561210462697, "force2_start_time": 0.7742336894342167}, "datetime": {"datetime": "2024-11-19 15:24:12", "elapsed": 0.021768, "delta": 0.000142}}
{"target": -1.0, "params": {"force2_end_time": 0.45615033221654855, "force2_peak_force": 0.5684339488686485, "force2_peak_time": 0.018789800436355142, "force2_start_time": 0.6176354970758771}, "datetime": {"datetime": "2024-11-19 15:24:12", "elapsed": 0.021908, "delta": 0.00014}}
{"target": -1.0, "params": {"force2_end_time": 0.6120957227224214, "force2_peak_force": 0.6169339968747569, "force2_peak_time": 0.9437480785146242, "force2_start_time": 0.6818202991034834}, "datetime": {"datetime": "2024-11-19 15:24:12", "elapsed": 0.022048, "delta": 0.00014}}
{"target": -0.16003989175818495, "params": {"force2_end_time": 0.5792870365073224, "force2_peak_force": 0.6971226340962009, "force2_peak_time": 0.6189745012970161, "force2_start_time": 0.5474616350459753}, "datetime": {"datetime": "2024-11-19 15:24:12", "elapsed": 0.293504, "delta": 0.271456}}
{"target": -0.06268550928455568, "params": {"force2_end_time": 0.5908983641648281, "force2_peak_force": 0.6915947551444838, "force2_peak_time": 0.5954893699458749, "force2_start_time": 0.3729520900648519}, "datetime": {"datetime": "2024-11-19 15:24:12", "elapsed": 0.511186, "delta": 0.217682}}
{"target": -1.0, "params": {"force2_end_time": 0.3544141658873752, "force2_peak_force": 0.5726091457540856, "force2_peak_time": 0.15274956081481805, "force2_start_time": 0.41423338293664513}, "datetime": {"datetime": "2024-11-19 15:24:12", "elapsed": 0.526064, "delta": 0.014878}}
{"target": -1.0, "params": {"force2_end_time": 0.22840854295782598, "force2_peak_force": 0.5315827758025211, "force2_peak_time": 0.4943867806554284, "force2_start_time": 0.289307000269018}, "datetime": {"datetime": "2024-11-19 15:24:12", "elapsed": 0.546133, "delta": 0.020069}}
{"target": -0.05730531747273378, "params": {"force2_end_time": 0.673576552836792, "force2_peak_force": 0.9084343191914844, "force2_peak_time": 0.6334207136596338, "force2_start_time": 0.36446285447109394}, "datetime": {"datetime": "2024-11-19 15:24:12", "elapsed": 0.765633, "delta": 0.2195}}
{"target": -0.1565667405612466, "params": {"force2_end_time": 0.9517715801035835, "force2_peak_force": 0.7119137506020956, "force2_peak_time": 0.7697000443063016, "force2_start_time": 0.08739222592742302}, "datetime": {"datetime": "2024-11-19 15:24:12", "elapsed": 0.847915, "delta": 0.082282}}
{"target": -0.24380214197719954, "params": {"force2_end_time": 0.6272434220672254, "force2_peak_force": 0.9683631438385478, "force2_peak_time": 0.9272738191831821, "force2_start_time": 0.03386885426829345}, "datetime": {"datetime": "2024-11-19 15:24:12", "elapsed": 0.920898, "delta": 0.072983}}
{"target": -1.0, "params": {"force2_end_time": 0.27856220977254287, "force2_peak_force": 0.2452326358673098, "force2_peak_time": 0.40062596745808743, "force2_start_time": 0.2917316716418543}, "datetime": {"datetime": "2024-11-19 15:24:13", "elapsed": 0.932866, "delta": 0.011968}}
{"target": -0.515697633636267, "params": {"force2_end_time": 0.9853832138424244, "force2_peak_force": 0.2741867065153286, "force2_peak_time": 0.8456344661514549, "force2_start_time": 0.004267398994859395}, "datetime": {"datetime": "2024-11-19 15:24:13", "elapsed": 1.002766, "delta": 0.0699}}
{"target": -0.31164482431667156, "params": {"force2_end_time": 0.9363617758865986, "force2_peak_force": 0.9585349414872953, "force2_peak_time": 0.9790862776142568, "force2_start_time": 0.23348053383295952}, "datetime": {"datetime": "2024-11-19 15:24:13", "elapsed": 1.141741, "delta": 0.138975}}
{"target": -0.16140540352666582, "params": {"force2_end_time": 0.9953912072260261, "force2_peak_force": 0.991615045230548, "force2_peak_time": 0.5360434038374547, "force2_start_time": 0.009910584983482296}, "datetime": {"datetime": "2024-11-19 15:24:13", "elapsed": 1.197541, "delta": 0.0558}}
{"target": -0.0997089969107207, "params": {"force2_end_time": 0.9747890823360301, "force2_peak_force": 0.6507463799753345, "force2_peak_time": 0.46950571421982157, "force2_start_time": 0.23151844831099233}, "datetime": {"datetime": "2024-11-19 15:24:13", "elapsed": 1.274177, "delta": 0.076636}}
{"target": -1.0, "params": {"force2_end_time": 0.6315268501168358, "force2_peak_force": 0.1851951302974154, "force2_peak_time": 0.8041100999451701, "force2_start_time": 0.8846529740745621}, "datetime": {"datetime": "2024-11-19 15:24:13", "elapsed": 1.288214, "delta": 0.014037}}
{"target": -0.7756536736651206, "params": {"force2_end_time": 0.9782090791195893, "force2_peak_force": 0.05872598251208816, "force2_peak_time": 0.15806968092780482, "force2_start_time": 0.021534681640750453}, "datetime": {"datetime": "2024-11-19 15:24:13", "elapsed": 1.352456, "delta": 0.064242}}
{"target": -0.054999391331423605, "params": {"force2_end_time": 0.8416597813649845, "force2_peak_force": 0.7441012789942159, "force2_peak_time": 0.6443842249022823, "force2_start_time": 0.3046920544469972}, "datetime": {"datetime": "2024-11-19 15:24:13", "elapsed": 1.52704, "delta": 0.174584}}
{"target": -0.05264858983608082, "params": {"force2_end_time": 0.7714013174418176, "force2_peak_force": 0.7176143160995598, "force2_peak_time": 0.568592287102334, "force2_start_time": 0.010110192632723614}, "datetime": {"datetime": "2024-11-19 15:24:13", "elapsed": 1.684868, "delta": 0.157828}}
{"target": -0.08110806891353639, "params": {"force2_end_time": 0.7142135431267402, "force2_peak_force": 0.9900443466980389, "force2_peak_time": 0.6349337489945449, "force2_start_time": 0.0369599013257369}, "datetime": {"datetime": "2024-11-19 15:24:13", "elapsed": 1.839071, "delta": 0.154203}}
{"target": -0.07002399423530686, "params": {"force2_end_time": 0.569155877033464, "force2_peak_force": 0.6690079939780884, "force2_peak_time": 0.5787343989439859, "force2_start_time": 0.37188891326001694}, "datetime": {"datetime": "2024-11-19 15:24:14", "elapsed": 1.944152, "delta": 0.105081}}
{"target": -0.1477624384807049, "params": {"force2_end_time": 0.8193017992463564, "force2_peak_force": 0.44114530368661997, "force2_peak_time": 0.5666033666052406, "force2_start_time": 0.217799372684638}, "datetime": {"datetime": "2024-11-19 15:24:14", "elapsed": 2.025772, "delta": 0.08162}}
{"target": -1.0, "params": {"force2_end_time": 0.252715656694831, "force2_peak_force": 0.10795736998317584, "force2_peak_time": 0.7838199645703927, "force2_start_time": 0.5218202827112138}, "datetime": {"datetime": "2024-11-19 15:24:14", "elapsed": 2.038245, "delta": 0.012473}}
{"target": -0.04777903365559721, "params": {"force2_end_time": 0.8186661961881051, "force2_peak_force": 0.7567685347822363, "force2_peak_time": 0.6406618038859756, "force2_start_time": 0.3097390763607566}, "datetime": {"datetime": "2024-11-19 15:24:14", "elapsed": 2.152924, "delta": 0.114679}}
{"target": -0.08459661617418406, "params": {"force2_end_time": 0.7302865241087577, "force2_peak_force": 0.9968717091803334, "force2_peak_time": 0.632570657470312, "force2_start_time": 0.03463406174820305}, "datetime": {"datetime": "2024-11-19 15:24:14", "elapsed": 2.264221, "delta": 0.111297}}
{"target": -0.06276253623435829, "params": {"force2_end_time": 0.7751821292756823, "force2_peak_force": 0.6428872322396393, "force2_peak_time": 0.45813366627532925, "force2_start_time": 0.37513700916444337}, "datetime": {"datetime": "2024-11-19 15:24:14", "elapsed": 2.403082, "delta": 0.138861}}
{"target": -0.018433420729533537, "params": {"force2_end_time": 0.8136457428225018, "force2_peak_force": 0.8161396416707147, "force2_peak_time": 0.550251371847019, "force2_start_time": 0.147727851946865}, "datetime": {"datetime": "2024-11-19 15:24:14", "elapsed": 2.549496, "delta": 0.146414}}
{"target": -0.09532236670413595, "params": {"force2_end_time": 0.9205119857467468, "force2_peak_force": 0.6957978103125542, "force2_peak_time": 0.49735258023842766, "force2_start_time": 0.01070730156947397}, "datetime": {"datetime": "2024-11-19 15:24:14", "elapsed": 2.616038, "delta": 0.066542}}
{"target": -0.09565937420510376, "params": {"force2_end_time": 0.8544174764272185, "force2_peak_force": 0.9989522288183228, "force2_peak_time": 0.6484856838868421, "force2_start_time": 0.30091892541952514}, "datetime": {"datetime": "2024-11-19 15:24:14", "elapsed": 2.697458, "delta": 0.08142}}
{"target": -0.22183032093403426, "params": {"force2_end_time": 0.9551888856791177, "force2_peak_force": 0.9817692342786115, "force2_peak_time": 0.7967401406080492, "force2_start_time": 0.011282783028238597}, "datetime": {"datetime": "2024-11-19 15:24:14", "elapsed": 2.782527, "delta": 0.085069}}
{"target": -0.6633633674385726, "params": {"force2_end_time": 0.031089145751209468, "force2_peak_force": 0.9874227063481673, "force2_peak_time": 0.8783184862547105, "force2_start_time": 0.005913708341369395}, "datetime": {"datetime": "2024-11-19 15:24:14", "elapsed": 2.882386, "delta": 0.099859}}
{"target": -0.061947613252906854, "params": {"force2_end_time": 0.7489478288374714, "force2_peak_force": 0.9151578622747467, "force2_peak_time": 0.7150165854761205, "force2_start_time": 0.19236730509550393}, "datetime": {"datetime": "2024-11-19 15:24:15", "elapsed": 3.048191, "delta": 0.165805}}
{"target": -1.0, "params": {"force2_end_time": 0.5578129295718501, "force2_peak_force": 0.25615882783545685, "force2_peak_time": 0.9778928838931862, "force2_start_time": 0.584827649468338}, "datetime": {"datetime": "2024-11-19 15:24:15", "elapsed": 3.063283, "delta": 0.015092}}
{"target": -1.0, "params": {"force2_end_time": 0.2259245083901983, "force2_peak_force": 0.1238108972721852, "force2_peak_time": 0.3886481541693284, "force2_start_time": 0.4800847947219944}, "datetime": {"datetime": "2024-11-19 15:24:15", "elapsed": 3.076483, "delta": 0.0132}}
{"target": -0.03008465142884247, "params": {"force2_end_time": 0.7140867893426139, "force2_peak_force": 0.6433969751123418, "force2_peak_time": 0.5411797425287924, "force2_start_time": 0.2605469668617443}, "datetime": {"datetime": "2024-11-19 15:24:15", "elapsed": 3.243353, "delta": 0.16687}}
{"target": -0.034347879907081325, "params": {"force2_end_time": 0.7029615216730258, "force2_peak_force": 0.9807125132979251, "force2_peak_time": 0.5039327135175596, "force2_start_time": 0.24082438729972067}, "datetime": {"datetime": "2024-11-19 15:24:15", "elapsed": 3.406036, "delta": 0.162683}}
{"target": -0.015599789762296708, "params": {"force2_end_time": 0.7263560384181991, "force2_peak_force": 0.7781499989854888, "force2_peak_time": 0.5148628699228487, "force2_start_time": 0.3191923720483717}, "datetime": {"datetime": "2024-11-19 15:24:15", "elapsed": 3.586139, "delta": 0.180103}}
{"target": -0.10861713941002392, "params": {"force2_end_time": 0.4634532263211353, "force2_peak_force": 0.9897030430955408, "force2_peak_time": 0.6097755094835211, "force2_start_time": 0.26800629551790534}, "datetime": {"datetime": "2024-11-19 15:24:15", "elapsed": 3.6647, "delta": 0.078561}}
{"target": -0.045642259061290255, "params": {"force2_end_time": 0.6395428156714004, "force2_peak_force": 0.9671283482212369, "force2_peak_time": 0.6163044233878077, "force2_start_time": 0.2229909600847495}, "datetime": {"datetime": "2024-11-19 15:24:15", "elapsed": 3.826904, "delta": 0.162204}}
{"target": -0.11867466178121235, "params": {"force2_end_time": 0.5895183334464374, "force2_peak_force": 0.9891693982094262, "force2_peak_time": 0.5406198736359261, "force2_start_time": 0.46274213172547096}, "datetime": {"datetime": "2024-11-19 15:24:15", "elapsed": 3.889064, "delta": 0.06216}}
{"target": -0.04861825240479306, "params": {"force2_end_time": 0.8557514554223792, "force2_peak_force": 0.9518702264432194, "force2_peak_time": 0.49684525472914465, "force2_start_time": 0.2358499433885881}, "datetime": {"datetime": "2024-11-19 15:24:16", "elapsed": 4.047632, "delta": 0.158568}}
{"target": -0.033081733020623894, "params": {"force2_end_time": 0.842650126510514, "force2_peak_force": 0.6971260325104343, "force2_peak_time": 0.5344061253046994, "force2_start_time": 0.16892203704179876}, "datetime": {"datetime": "2024-11-19 15:24:16", "elapsed": 4.201666, "delta": 0.154034}}
{"target": -0.0665607065887745, "params": {"force2_end_time": 0.7307261507975362, "force2_peak_force": 0.6114338267858174, "force2_peak_time": 0.5771259762700137, "force2_start_time": 0.35527714690094514}, "datetime": {"datetime": "2024-11-19 15:24:16", "elapsed": 4.424546, "delta": 0.22288}}
{"target": -1.0, "params": {"force2_end_time": 0.9859375807446699, "force2_peak_force": 6.405965685085668e-05, "force2_peak_time": 0.4446814678427988, "force2_start_time": 0.5759430949939855}, "datetime": {"datetime": "2024-11-19 15:24:16", "elapsed": 4.507359, "delta": 0.082813}}
{"target": -0.030459685387877536, "params": {"force2_end_time": 0.7231927920362391, "force2_peak_force": 0.7462188933328175, "force2_peak_time": 0.6500747636656379, "force2_start_time": 0.13286627031217935}, "datetime": {"datetime": "2024-11-19 15:24:16", "elapsed": 4.71036, "delta": 0.203001}}
{"target": -0.0055872488663559145, "params": {"force2_end_time": 0.6945884575317028, "force2_peak_force": 0.8274099908766932, "force2_peak_time": 0.553602891919691, "force2_start_time": 0.24397029056596342}, "datetime": {"datetime": "2024-11-19 15:24:16", "elapsed": 4.866289, "delta": 0.155929}}
{"target": -0.007462488788794399, "params": {"force2_end_time": 0.7007353379077746, "force2_peak_force": 0.8365215023647854, "force2_peak_time": 0.5244123586126698, "force2_start_time": 0.125621477031732}, "datetime": {"datetime": "2024-11-19 15:24:17", "elapsed": 5.055861, "delta": 0.189572}}
{"target": -0.01452079507773246, "params": {"force2_end_time": 0.7778071356210137, "force2_peak_force": 0.750052514120949, "force2_peak_time": 0.4248785091152615, "force2_start_time": 0.21813435926085567}, "datetime": {"datetime": "2024-11-19 15:24:17", "elapsed": 5.236886, "delta": 0.181025}}
{"target": -0.042289473418562123, "params": {"force2_end_time": 0.7280338002988527, "force2_peak_force": 0.6114282176432444, "force2_peak_time": 0.43356924444321543, "force2_start_time": 0.16086923110495677}, "datetime": {"datetime": "2024-11-19 15:24:17", "elapsed": 5.420436, "delta": 0.18355}}
{"target": -0.004308751226248044, "params": {"force2_end_time": 0.6854792929090245, "force2_peak_force": 0.7458482976212655, "force2_peak_time": 0.46635402722438346, "force2_start_time": 0.2057829004222418}, "datetime": {"datetime": "2024-11-19 15:24:17", "elapsed": 5.601812, "delta": 0.181376}}
{"target": -0.03148542666482854, "params": {"force2_end_time": 0.621514225561876, "force2_peak_force": 0.7623352499929733, "force2_peak_time": 0.4740021535844684, "force2_start_time": 0.3524168247416901}, "datetime": {"datetime": "2024-11-19 15:24:17", "elapsed": 5.792277, "delta": 0.190465}}
{"target": -0.041514657815189406, "params": {"force2_end_time": 0.607308136505732, "force2_peak_force": 0.7727344512276552, "force2_peak_time": 0.6111046642236052, "force2_start_time": 0.059162435071277164}, "datetime": {"datetime": "2024-11-19 15:24:18", "elapsed": 5.979387, "delta": 0.18711}}
{"target": -0.01788032808951918, "params": {"force2_end_time": 0.6618786729118235, "force2_peak_force": 0.7009023407948292, "force2_peak_time": 0.5624477171903735, "force2_start_time": 0.1479708824952567}, "datetime": {"datetime": "2024-11-19 15:24:18", "elapsed": 6.157531, "delta": 0.178144}}
