{"target": -0.04928280346728805, "params": {"force1_end_time": 0.8853745171207217, "force1_peak_force": 0.32757779839269485, "force2_end_time": 0.7327413605501667, "force2_peak_force": 0.7129281968875013, "force2_peak_time": 0.44017084998736256, "force2_start_time": 0.2056175535074486}, "datetime": {"datetime": "2024-11-19 15:16:07", "elapsed": 0.0, "delta": 0.0}}
{"target": -0.04928280346728805, "params": {"force1_end_time": 0.8853745171207217, "force1_peak_force": 0.32757779839269485, "force2_end_time": 0.7327413605501667, "force2_peak_force": 0.7129281968875013, "force2_peak_time": 0.44017084998736256, "force2_start_time": 0.2056175535074486}, "datetime": {"datetime": "2024-11-19 15:16:07", "elapsed": 0.000699, "delta": 0.000699}}
{"target": -0.04928280346728805, "params": {"force1_end_time": 0.8853745171207217, "force1_peak_force": 0.32757779839269485, "force2_end_time": 0.7327413605501667, "force2_peak_force": 0.7129281968875013, "force2_peak_time": 0.44017084998736256, "force2_start_time": 0.2056175535074486}, "datetime": {"datetime": "2024-11-19 15:16:07", "elapsed": 0.000943, "delta": 0.000244}}
{"target": -0.04928280346728805, "params": {"force1_end_time": 0.8853745171207217, "force1_peak_force": 0.32757779839269485, "force2_end_time": 0.7327413605501667, "force2_peak_force": 0.7129281968875013, "force2_peak_time": 0.44017084998736256, "force2_start_time": 0.2056175535074486}, "datetime": {"datetime": "2024-11-19 15:16:07", "elapsed": 0.001144, "delta": 0.000201}}
{"target": -0.04928280346728805, "params": {"force1_end_time": 0.8853745171207217, "force1_peak_force": 0.32757779839269485, "force2_end_time": 0.7327413605501667, "force2_peak_force": 0.7129281968875013, "force2_peak_time": 0.44017084998736256, "force2_start_time": 0.2056175535074486}, "datetime": {"datetime": "2024-11-19 15:16:07", "elapsed": 0.00134, "delta": 0.000196}}
{"target": -0.04928280346728805, "params": {"force1_end_time": 0.8853745171207217, "force1_peak_force": 0.32757779839269485, "force2_end_time": 0.7327413605501667, "force2_peak_force": 0.7129281968875013, "force2_peak_time": 0.44017084998736256, "force2_start_time": 0.2056175535074486}, "datetime": {"datetime": "2024-11-19 15:16:07", "elapsed": 0.001519, "delta": 0.000179}}
{"target": -0.04928280346728805, "params": {"force1_end_time": 0.8853745171207217, "force1_peak_force": 0.32757779839269485, "force2_end_time": 0.7327413605501667, "force2_peak_force": 0.7129281968875013, "force2_peak_time": 0.44017084998736256, "force2_start_time": 0.2056175535074486}, "datetime": {"datetime": "2024-11-19 15:16:07", "elapsed": 0.001691, "delta": 0.000172}}
{"target": -0.04928280346728805, "params": {"force1_end_time": 0.8853745171207217, "force1_peak_force": 0.32757779839269485, "force2_end_time": 0.7327413605501667, "force2_peak_force": 0.7129281968875013, "force2_peak_time": 0.44017084998736256, "force2_start_time": 0.2056175535074486}, "datetime": {"datetime": "2024-11-19 15:16:07", "elapsed": 0.001866, "delta": 0.000175}}
{"target": -0.04928280346728805, "params": {"force1_end_time": 0.8853745171207217, "force1_peak_force": 0.32757779839269485, "force2_end_time": 0.7327413605501667, "force2_peak_force": 0.7129281968875013, "force2_peak_time": 0.44017084998736256, "force2_start_time": 0.2056175535074486}, "datetime": {"datetime": "2024-11-19 15:16:07", "elapsed": 0.002041, "delta": 0.000175}}
{"target": -0.04928280346728805, "params": {"force1_end_time": 0.8853745171207217, "force1_peak_force": 0.32757779839269485, "force2_end_time": 0.7327413605501667, "force2_peak_force": 0.7129281968875013, "force2_peak_time": 0.44017084998736256, "force2_start_time": 0.2056175535074486}, "datetime": {"datetime": "2024-11-19 15:16:07", "elapsed": 0.002209, "delta": 0.000168}}
